<?xml version="1.0" encoding="UTF-8"?>
<!-- Generated by org.testng.reporters.JUnitReportReporter -->
<testsuite hostname="LAPTOP-UDHCLDC6" failures="0" tests="3" name="easyMyTrip.Login" time="7.984" errors="0" timestamp="2021-10-03T15:43:01 IST" skipped="0">
  <testcase classname="easyMyTrip.Login" name="InvalidMobileNumberTest" time="0.597"/>
  <system-out/>
  <testcase classname="easyMyTrip.Login" name="invalidPasswordTest" time="4.514"/>
  <system-out/>
  <testcase classname="easyMyTrip.Login" name="successFullLoginTest" time="2.873"/>
  <system-out/>
</testsuite> <!-- easyMyTrip.Login -->
