<?xml version="1.0" encoding="UTF-8"?>
<!-- Generated by org.testng.reporters.JUnitReportReporter -->
<testsuite hostname="MSI" failures="0" tests="1" name="easyMyTrip.Registration" time="26.864" errors="0" timestamp="2021-09-29T17:01:22 IST" skipped="0">
  <testcase classname="easyMyTrip.Registration" name="test1" time="26.864"/>
  <system-out/>
</testsuite> <!-- easyMyTrip.Registration -->
