<?xml version="1.0" encoding="UTF-8"?>
<!-- Generated by org.testng.reporters.JUnitReportReporter -->
<testsuite hostname="MSI" failures="0" tests="17" name="easyMyTrip.Flights" time="19.603" errors="0" timestamp="2021-10-04T10:26:00 IST" skipped="0">
  <testcase classname="easyMyTrip.Flights" name="NavigateToFlights" time="0.739"/>
  <system-out/>
  <testcase classname="easyMyTrip.Flights" name="selectDepartureCity" time="0.671"/>
  <system-out/>
  <testcase classname="easyMyTrip.Flights" name="selectDestinationCity" time="0.584"/>
  <system-out/>
  <testcase classname="easyMyTrip.Flights" name="selectDates" time="0.184"/>
  <system-out/>
  <testcase classname="easyMyTrip.Flights" name="checkClassSelectionTest" time="0.187"/>
  <system-out/>
  <testcase classname="easyMyTrip.Flights" name="selectTravellers" time="1.855"/>
  <system-out/>
  <testcase classname="easyMyTrip.Flights" name="chooseFlightsTest" time="0.578"/>
  <system-out/>
  <testcase classname="easyMyTrip.Flights" name="verifyFlightDetails" time="3.202"/>
  <system-out/>
  <testcase classname="easyMyTrip.Flights" name="flightDetailsTest" time="0.484"/>
  <system-out/>
  <testcase classname="easyMyTrip.Flights" name="emailErrorMsgTest" time="0.251"/>
  <system-out/>
  <testcase classname="easyMyTrip.Flights" name="verifyContactEmail" time="0.141"/>
  <system-out/>
  <testcase classname="easyMyTrip.Flights" name="invalidNumberTest" time="0.232"/>
  <system-out/>
  <testcase classname="easyMyTrip.Flights" name="verifyContactNumber" time="0.249"/>
  <system-out/>
  <testcase classname="easyMyTrip.Flights" name="firstNameInputTest" time="0.240"/>
  <system-out/>
  <testcase classname="easyMyTrip.Flights" name="lastNameInputTest" time="0.069"/>
  <system-out/>
  <testcase classname="easyMyTrip.Flights" name="passengerTitleTest" time="0.138"/>
  <system-out/>
  <testcase classname="easyMyTrip.Flights" name="paymentTest" time="9.799"/>
  <system-out/>
</testsuite> <!-- easyMyTrip.Flights -->
