<?xml version="1.0" encoding="UTF-8"?>
<!-- Generated by org.testng.reporters.JUnitReportReporter -->
<testsuite hostname="MSI" failures="0" tests="15" name="easyMyTrip.FlightsOneTrip" time="20.517" errors="0" timestamp="2021-10-04T15:58:05 IST" skipped="0">
  <testcase classname="easyMyTrip.FlightsOneTrip" name="NavigateToOneWay" time="2.086"/>
  <system-out/>
  <testcase classname="easyMyTrip.FlightsOneTrip" name="departureCitySelect" time="0.615"/>
  <system-out/>
  <testcase classname="easyMyTrip.FlightsOneTrip" name="selectDestinationCity" time="0.127"/>
  <system-out/>
  <testcase classname="easyMyTrip.FlightsOneTrip" name="dateSelect" time="0.086"/>
  <system-out/>
  <testcase classname="easyMyTrip.FlightsOneTrip" name="checkClassSelection" time="0.186"/>
  <system-out/>
  <testcase classname="easyMyTrip.FlightsOneTrip" name="selectTravellers" time="1.097"/>
  <system-out/>
  <testcase classname="easyMyTrip.FlightsOneTrip" name="selectFare" time="4.733"/>
  <system-out/>
  <testcase classname="easyMyTrip.FlightsOneTrip" name="refundPolicy" time="0.228"/>
  <system-out/>
  <testcase classname="easyMyTrip.FlightsOneTrip" name="travelInsurance" time="0.211"/>
  <system-out/>
  <testcase classname="easyMyTrip.FlightsOneTrip" name="contactEmail" time="0.416"/>
  <system-out/>
  <testcase classname="easyMyTrip.FlightsOneTrip" name="enterPhoneNumber" time="0.149"/>
  <system-out/>
  <testcase classname="easyMyTrip.FlightsOneTrip" name="couponOffer" time="0.355"/>
  <system-out/>
  <testcase classname="easyMyTrip.FlightsOneTrip" name="travellerDetails" time="0.258"/>
  <system-out/>
  <testcase classname="easyMyTrip.FlightsOneTrip" name="preferenceTest" time="0.470"/>
  <system-out/>
  <testcase classname="easyMyTrip.FlightsOneTrip" name="paymentTest" time="9.500"/>
  <system-out/>
</testsuite> <!-- easyMyTrip.FlightsOneTrip -->
