<?xml version="1.0" encoding="UTF-8"?>
<!-- Generated by org.testng.reporters.JUnitReportReporter -->
<testsuite hostname="MSI" failures="0" tests="13" name="sample.Sample" time="7.949" errors="0" timestamp="2021-10-03T08:55:28 IST" skipped="0">
  <testcase classname="sample.Sample" name="NavigateToOneWay" time="0.936"/>
  <system-out/>
  <testcase classname="sample.Sample" name="departureCitySelect" time="0.547"/>
  <system-out/>
  <testcase classname="sample.Sample" name="selectDestinationCity" time="0.150"/>
  <system-out/>
  <testcase classname="sample.Sample" name="dateSelect" time="0.088"/>
  <system-out/>
  <testcase classname="sample.Sample" name="checkClassSelection" time="0.205"/>
  <system-out/>
  <testcase classname="sample.Sample" name="selectTravellers" time="1.074"/>
  <system-out/>
  <testcase classname="sample.Sample" name="selectFare" time="2.479"/>
  <system-out/>
  <testcase classname="sample.Sample" name="refundPolicy" time="0.304"/>
  <system-out/>
  <testcase classname="sample.Sample" name="travelInsurance" time="0.206"/>
  <system-out/>
  <testcase classname="sample.Sample" name="contactEmail" time="0.469"/>
  <system-out/>
  <testcase classname="sample.Sample" name="enterPhoneNumber" time="0.160"/>
  <system-out/>
  <testcase classname="sample.Sample" name="couponOffer" time="0.394"/>
  <system-out/>
  <testcase classname="sample.Sample" name="travellerDetails" time="0.937"/>
  <system-out/>
</testsuite> <!-- sample.Sample -->
