<?xml version="1.0" encoding="UTF-8"?>
<!-- Generated by org.testng.reporters.JUnitReportReporter -->
<testsuite hostname="LAPTOP-UDHCLDC6" failures="0" tests="16" name="easyMyTrip.Flights" time="11.463" errors="0" timestamp="2021-10-03T15:43:01 IST" skipped="0">
  <testcase classname="easyMyTrip.Flights" name="NavigateToFlights" time="1.947"/>
  <system-out/>
  <testcase classname="easyMyTrip.Flights" name="selectDepartureCity" time="0.587"/>
  <system-out/>
  <testcase classname="easyMyTrip.Flights" name="selectDestinationCity" time="0.569"/>
  <system-out/>
  <testcase classname="easyMyTrip.Flights" name="selectDates" time="0.245"/>
  <system-out/>
  <testcase classname="easyMyTrip.Flights" name="checkClassSelectionTest" time="0.278"/>
  <system-out/>
  <testcase classname="easyMyTrip.Flights" name="selectTravellers" time="1.787"/>
  <system-out/>
  <testcase classname="easyMyTrip.Flights" name="chooseFlightsTest" time="0.766"/>
  <system-out/>
  <testcase classname="easyMyTrip.Flights" name="verifyFlightDetails" time="2.581"/>
  <system-out/>
  <testcase classname="easyMyTrip.Flights" name="flightDetailsTest" time="0.694"/>
  <system-out/>
  <testcase classname="easyMyTrip.Flights" name="emailErrorMsgTest" time="0.401"/>
  <system-out/>
  <testcase classname="easyMyTrip.Flights" name="verifyContactEmail" time="0.229"/>
  <system-out/>
  <testcase classname="easyMyTrip.Flights" name="invalidNumberTest" time="0.433"/>
  <system-out/>
  <testcase classname="easyMyTrip.Flights" name="verifyContactNumber" time="0.277"/>
  <system-out/>
  <testcase classname="easyMyTrip.Flights" name="firstNameInputTest" time="0.325"/>
  <system-out/>
  <testcase classname="easyMyTrip.Flights" name="lastNameInputTest" time="0.167"/>
  <system-out/>
  <testcase classname="easyMyTrip.Flights" name="passengerTitleTest" time="0.177"/>
  <system-out/>
</testsuite> <!-- easyMyTrip.Flights -->
