<?xml version="1.0" encoding="UTF-8"?>
<!-- Generated by org.testng.reporters.JUnitReportReporter -->
<testsuite hostname="LAPTOP-UDHCLDC6" failures="0" tests="3" name="easyMyTrip.Login" time="7.572" errors="0" timestamp="2021-10-02T19:02:41 IST" skipped="0">
  <testcase classname="easyMyTrip.Login" name="InvalidMobileNumberTest" time="0.515"/>
  <system-out/>
  <testcase classname="easyMyTrip.Login" name="invalidPasswordTest" time="5.019"/>
  <system-out/>
  <testcase classname="easyMyTrip.Login" name="successFullLoginTest" time="2.038"/>
  <system-out/>
</testsuite> <!-- easyMyTrip.Login -->
