<?xml version="1.0" encoding="UTF-8"?>
<!-- Generated by org.testng.reporters.JUnitReportReporter -->
<testsuite hostname="MSI" failures="0" tests="3" name="easyMyTrip.Login" time="6.452" errors="0" timestamp="2021-10-04T15:24:29 IST" skipped="0">
  <testcase classname="easyMyTrip.Login" name="InvalidMobileNumberTest" time="0.465"/>
  <system-out/>
  <testcase classname="easyMyTrip.Login" name="invalidPasswordTest" time="3.535"/>
  <system-out/>
  <testcase classname="easyMyTrip.Login" name="successFullLoginTest" time="2.452"/>
  <system-out/>
</testsuite> <!-- easyMyTrip.Login -->
