<?xml version="1.0" encoding="UTF-8"?>
<!-- Generated by org.testng.reporters.JUnitReportReporter -->
<testsuite hostname="LAPTOP-UDHCLDC6" failures="0" tests="3" name="easyMyTrip.Login" time="7.879" errors="0" timestamp="2021-09-30T12:09:35 IST" skipped="0">
  <testcase classname="easyMyTrip.Login" name="InvalidMobileNumberTest" time="0.666"/>
  <system-out/>
  <testcase classname="easyMyTrip.Login" name="invalidPasswordTest" time="4.177"/>
  <system-out/>
  <testcase classname="easyMyTrip.Login" name="successFullLoginTest" time="3.036"/>
  <system-out/>
</testsuite> <!-- easyMyTrip.Login -->
