<?xml version="1.0" encoding="UTF-8"?>
<!-- Generated by org.testng.reporters.JUnitReportReporter -->
<testsuite hostname="LAPTOP-UDHCLDC6" failures="0" tests="6" name="easyMyTrip.Flights" time="5.188" errors="0" timestamp="2021-10-01T14:07:16 IST" skipped="0">
  <testcase classname="easyMyTrip.Flights" name="NavigateToFlights" time="1.260"/>
  <system-out/>
  <testcase classname="easyMyTrip.Flights" name="selectDepartureCity" time="0.570"/>
  <system-out/>
  <testcase classname="easyMyTrip.Flights" name="selectDestinationCity" time="0.529"/>
  <system-out/>
  <testcase classname="easyMyTrip.Flights" name="selectDates" time="0.217"/>
  <system-out/>
  <testcase classname="easyMyTrip.Flights" name="checkClassSelectionTest" time="0.206"/>
  <system-out/>
  <testcase classname="easyMyTrip.Flights" name="selectTravellers" time="2.406"/>
  <system-out/>
</testsuite> <!-- easyMyTrip.Flights -->
