<?xml version="1.0" encoding="UTF-8"?>
<!-- Generated by org.testng.reporters.JUnitReportReporter -->
<testsuite hostname="LAPTOP-UDHCLDC6" failures="0" tests="1" name="easyMyTrip.Registration" time="3.794" errors="0" timestamp="2021-09-29T15:34:59 IST" skipped="0">
  <testcase classname="easyMyTrip.Registration" name="test" time="3.794"/>
  <system-out/>
</testsuite> <!-- easyMyTrip.Registration -->
