<?xml version="1.0" encoding="UTF-8"?>
<!-- Generated by org.testng.reporters.JUnitReportReporter -->
<testsuite hostname="LAPTOP-UDHCLDC6" failures="0" tests="1" name="easyMyTrip.Login" time="2.137" errors="0" timestamp="2021-09-30T09:45:06 IST" skipped="0">
  <testcase classname="easyMyTrip.Login" name="test3" time="2.137"/>
  <system-out/>
</testsuite> <!-- easyMyTrip.Login -->
