<?xml version="1.0" encoding="UTF-8"?>
<!-- Generated by org.testng.reporters.JUnitReportReporter -->
<testsuite hostname="LAPTOP-UDHCLDC6" failures="0" tests="12" name="easyMyTrip.Flights" time="11.520" errors="0" timestamp="2021-10-02T12:32:13 IST" skipped="0">
  <testcase classname="easyMyTrip.Flights" name="NavigateToFlights" time="1.229"/>
  <system-out/>
  <testcase classname="easyMyTrip.Flights" name="selectDepartureCity" time="0.813"/>
  <system-out/>
  <testcase classname="easyMyTrip.Flights" name="selectDestinationCity" time="0.606"/>
  <system-out/>
  <testcase classname="easyMyTrip.Flights" name="selectDates" time="0.393"/>
  <system-out/>
  <testcase classname="easyMyTrip.Flights" name="checkClassSelectionTest" time="0.440"/>
  <system-out/>
  <testcase classname="easyMyTrip.Flights" name="selectTravellers" time="1.819"/>
  <system-out/>
  <testcase classname="easyMyTrip.Flights" name="chooseFlightsTest" time="0.713"/>
  <system-out/>
  <testcase classname="easyMyTrip.Flights" name="verifyFlightDetails" time="2.584"/>
  <system-out/>
  <testcase classname="easyMyTrip.Flights" name="flightDetailsTest" time="0.799"/>
  <system-out/>
  <testcase classname="easyMyTrip.Flights" name="verifyContactEmail" time="0.721"/>
  <system-out/>
  <testcase classname="easyMyTrip.Flights" name="verifyContactNumber" time="0.801"/>
  <system-out/>
  <testcase classname="easyMyTrip.Flights" name="verifyPassengerDetails" time="0.602"/>
  <system-out/>
</testsuite> <!-- easyMyTrip.Flights -->
