<?xml version="1.0" encoding="UTF-8"?>
<!-- Generated by org.testng.reporters.JUnitReportReporter -->
<testsuite hostname="LAPTOP-UDHCLDC6" failures="0" tests="13" name="easyMyTrip.FlightsOneTrip" time="18.545" errors="0" timestamp="2021-10-02T12:33:15 IST" skipped="0">
  <testcase classname="easyMyTrip.FlightsOneTrip" name="NavigateToOneWay" time="2.099"/>
  <system-out/>
  <testcase classname="easyMyTrip.FlightsOneTrip" name="departureCitySelect" time="0.715"/>
  <system-out/>
  <testcase classname="easyMyTrip.FlightsOneTrip" name="selectDestinationCity" time="0.229"/>
  <system-out/>
  <testcase classname="easyMyTrip.FlightsOneTrip" name="dateSelect" time="0.145"/>
  <system-out/>
  <testcase classname="easyMyTrip.FlightsOneTrip" name="checkClassSelection" time="0.450"/>
  <system-out/>
  <testcase classname="easyMyTrip.FlightsOneTrip" name="selectTravellers" time="3.934"/>
  <system-out/>
  <testcase classname="easyMyTrip.FlightsOneTrip" name="selectFare" time="3.172"/>
  <system-out/>
  <testcase classname="easyMyTrip.FlightsOneTrip" name="refundPolicy" time="0.326"/>
  <system-out/>
  <testcase classname="easyMyTrip.FlightsOneTrip" name="travelInsurance" time="0.268"/>
  <system-out/>
  <testcase classname="easyMyTrip.FlightsOneTrip" name="contactEmail" time="0.562"/>
  <system-out/>
  <testcase classname="easyMyTrip.FlightsOneTrip" name="enterPhoneNumber" time="5.544"/>
  <system-out/>
  <testcase classname="easyMyTrip.FlightsOneTrip" name="couponOffer" time="0.121"/>
  <system-out/>
  <testcase classname="easyMyTrip.FlightsOneTrip" name="travellerDetails" time="0.980"/>
  <system-out/>
</testsuite> <!-- easyMyTrip.FlightsOneTrip -->
