<?xml version="1.0" encoding="UTF-8"?>
<!-- Generated by org.testng.reporters.JUnitReportReporter -->
<testsuite hostname="MSI" failures="0" tests="17" name="easyMyTrip.Flights" time="18.312" errors="0" timestamp="2021-10-04T15:47:29 IST" skipped="0">
  <testcase classname="easyMyTrip.Flights" name="NavigateToFlights" time="0.907"/>
  <system-out/>
  <testcase classname="easyMyTrip.Flights" name="selectDepartureCity" time="0.621"/>
  <system-out/>
  <testcase classname="easyMyTrip.Flights" name="selectDestinationCity" time="0.532"/>
  <system-out/>
  <testcase classname="easyMyTrip.Flights" name="selectDates" time="0.173"/>
  <system-out/>
  <testcase classname="easyMyTrip.Flights" name="checkClassSelectionTest" time="0.175"/>
  <system-out/>
  <testcase classname="easyMyTrip.Flights" name="selectTravellers" time="1.053"/>
  <system-out/>
  <testcase classname="easyMyTrip.Flights" name="chooseFlightsTest" time="0.640"/>
  <system-out/>
  <testcase classname="easyMyTrip.Flights" name="verifyFlightDetails" time="1.926"/>
  <system-out/>
  <testcase classname="easyMyTrip.Flights" name="flightDetailsTest" time="0.512"/>
  <system-out/>
  <testcase classname="easyMyTrip.Flights" name="emailErrorMsgTest" time="0.225"/>
  <system-out/>
  <testcase classname="easyMyTrip.Flights" name="verifyContactEmail" time="0.205"/>
  <system-out/>
  <testcase classname="easyMyTrip.Flights" name="invalidNumberTest" time="0.362"/>
  <system-out/>
  <testcase classname="easyMyTrip.Flights" name="verifyContactNumber" time="0.315"/>
  <system-out/>
  <testcase classname="easyMyTrip.Flights" name="firstNameInputTest" time="0.209"/>
  <system-out/>
  <testcase classname="easyMyTrip.Flights" name="lastNameInputTest" time="0.077"/>
  <system-out/>
  <testcase classname="easyMyTrip.Flights" name="passengerTitleTest" time="0.121"/>
  <system-out/>
  <testcase classname="easyMyTrip.Flights" name="paymentTest" time="10.259"/>
  <system-out/>
</testsuite> <!-- easyMyTrip.Flights -->
