<?xml version="1.0" encoding="UTF-8"?>
<!-- Generated by org.testng.reporters.JUnitReportReporter -->
<testsuite hostname="MSI" failures="0" tests="12" name="easyMyTrip.Hotels" time="17.329" errors="0" timestamp="2021-10-04T15:22:46 IST" skipped="0">
  <testcase classname="easyMyTrip.Hotels" name="navigationToHotels" time="1.051"/>
  <system-out/>
  <testcase classname="easyMyTrip.Hotels" name="HotelLocationEnable" time="0.207"/>
  <system-out/>
  <testcase classname="easyMyTrip.Hotels" name="SelectHotelLocation" time="1.957"/>
  <system-out/>
  <testcase classname="easyMyTrip.Hotels" name="selectDates" time="0.333"/>
  <system-out/>
  <testcase classname="easyMyTrip.Hotels" name="addGuests" time="1.024"/>
  <system-out/>
  <testcase classname="easyMyTrip.Hotels" name="searchHotel" time="0.855"/>
  <system-out/>
  <testcase classname="easyMyTrip.Hotels" name="applyingFilters" time="5.279"/>
  <system-out/>
  <testcase classname="easyMyTrip.Hotels" name="selectingHotel" time="0.241"/>
  <system-out/>
  <testcase classname="easyMyTrip.Hotels" name="bookHotel" time="1.687"/>
  <system-out/>
  <testcase classname="easyMyTrip.Hotels" name="passengerDetails" time="1.379"/>
  <system-out/>
  <testcase classname="easyMyTrip.Hotels" name="personalDetails" time="0.181"/>
  <system-out/>
  <testcase classname="easyMyTrip.Hotels" name="paymentDetails" time="3.135"/>
  <system-out/>
</testsuite> <!-- easyMyTrip.Hotels -->
