<?xml version="1.0" encoding="UTF-8"?>
<!-- Generated by org.testng.reporters.JUnitReportReporter -->
<testsuite hostname="LAPTOP-UDHCLDC6" failures="0" tests="1" name="easyMyTrip.Login" time="3.697" errors="0" timestamp="2021-10-01T09:54:39 IST" skipped="0">
  <testcase classname="easyMyTrip.Login" name="successFullLoginTest" time="3.697"/>
  <system-out/>
</testsuite> <!-- easyMyTrip.Login -->
