<?xml version="1.0" encoding="UTF-8"?>
<!-- Generated by org.testng.reporters.JUnitReportReporter -->
<testsuite hostname="LAPTOP-UDHCLDC6" failures="0" tests="1" name="easyMyTrip.Flights" time="3.557" errors="0" timestamp="2021-09-29T15:34:59 IST" skipped="0">
  <testcase classname="easyMyTrip.Flights" name="test" time="3.557"/>
  <system-out/>
</testsuite> <!-- easyMyTrip.Flights -->
