<?xml version="1.0" encoding="UTF-8"?>
<!-- Generated by org.testng.reporters.JUnitReportReporter -->
<testsuite hostname="LAPTOP-UDHCLDC6" failures="0" tests="1" name="easyMyTrip.Login" time="3.630" errors="0" timestamp="2021-09-29T15:10:12 IST" skipped="0">
  <testcase classname="easyMyTrip.Login" name="test" time="3.630"/>
  <system-out/>
</testsuite> <!-- easyMyTrip.Login -->
