<?xml version="1.0" encoding="UTF-8"?>
<!-- Generated by org.testng.reporters.JUnitReportReporter -->
<testsuite hostname="MSI" failures="0" tests="3" name="easyMyTrip.Login" time="5.423" errors="0" timestamp="2021-09-30T10:12:04 IST" skipped="0">
  <testcase classname="easyMyTrip.Login" name="test1" time="1.888"/>
  <system-out/>
  <testcase classname="easyMyTrip.Login" name="test2" time="1.091"/>
  <system-out/>
  <testcase classname="easyMyTrip.Login" name="test3" time="2.444"/>
  <system-out/>
</testsuite> <!-- easyMyTrip.Login -->
